# JRE version: OpenJDK Runtime Environment Corretto-17.0.9.8.1 (17.0.9+8) (build 17.0.9+8-LTS)
# Java VM: OpenJDK 64-Bit Server VM Corretto-17.0.9.8.1 (17.0.9+8-LTS, mixed mode, sharing, tiered, compressed oops, compressed class ptrs, g1 gc, windows-amd64)
GC Precious Log:
 CPUs: 12 total, 12 available
 Memory: 40733M
 Large Page Support: Disabled
 NUMA Support: Disabled
 Compressed Oops: Enabled (Zero based)
 Heap Region Size: 8M
 Heap Min Capacity: 8M
 Heap Initial Capacity: 640M
 Heap Max Capacity: 10184M
 Pre-touch: Disabled
 Parallel Workers: 10
 Concurrent Workers: 3
 Concurrent Refinement Workers: 10
 Periodic GC: Disabled
Heap:
 garbage-first heap   total 655360K, used 235533K [0x0000000583800000, 0x0000000800000000)
  region size 8192K, 29 young (237568K), 1 survivors (8192K)
 Metaspace       used 10323K, committed 10752K, reserved 1114112K
  class space    used 1354K, committed 1536K, reserved 1048576K
GC Heap History (8 events):
Event: 18.756 GC heap before
{Heap before GC invocations=0 (full 0):
 garbage-first heap   total 655360K, used 32768K [0x0000000583800000, 0x0000000800000000)
  region size 8192K, 4 young (32768K), 0 survivors (0K)
 Metaspace       used 9972K, committed 10368K, reserved 1114112K
  class space    used 1300K, committed 1472K, reserved 1048576K
}
Event: 18.759 GC heap after
{Heap after GC invocations=1 (full 0):
 garbage-first heap   total 655360K, used 8058K [0x0000000583800000, 0x0000000800000000)
  region size 8192K, 1 young (8192K), 1 survivors (8192K)
 Metaspace       used 9972K, committed 10368K, reserved 1114112K
  class space    used 1300K, committed 1472K, reserved 1048576K
}
Event: 54.688 GC heap before
{Heap before GC invocations=1 (full 0):
 garbage-first heap   total 655360K, used 32634K [0x0000000583800000, 0x0000000800000000)
  region size 8192K, 4 young (32768K), 1 survivors (8192K)
 Metaspace       used 10302K, committed 10688K, reserved 1114112K
  class space    used 1352K, committed 1536K, reserved 1048576K
}
Event: 54.690 GC heap after
{Heap after GC invocations=2 (full 0):
 garbage-first heap   total 655360K, used 13408K [0x0000000583800000, 0x0000000800000000)
  region size 8192K, 1 young (8192K), 1 survivors (8192K)
 Metaspace       used 10302K, committed 10688K, reserved 1114112K
  class space    used 1352K, committed 1536K, reserved 1048576K
}
Event: 79.584 GC heap before
{Heap before GC invocations=2 (full 0):
 garbage-first heap   total 655360K, used 111712K [0x0000000583800000, 0x0000000800000000)
  region size 8192K, 13 young (106496K), 1 survivors (8192K)
 Metaspace       used 10305K, committed 10688K, reserved 1114112K
  class space    used 1353K, committed 1536K, reserved 1048576K
}
Event: 79.585 GC heap after
{Heap after GC invocations=3 (full 0):
 garbage-first heap   total 655360K, used 13413K [0x0000000583800000, 0x0000000800000000)
  region size 8192K, 1 young (8192K), 1 survivors (8192K)
 Metaspace       used 10305K, committed 10688K, reserved 1114112K
  class space    used 1353K, committed 1536K, reserved 1048576K
}
Event: 135.521 GC heap before
{Heap before GC invocations=3 (full 0):
 garbage-first heap   total 655360K, used 398437K [0x0000000583800000, 0x0000000800000000)
  region size 8192K, 48 young (393216K), 1 survivors (8192K)
 Metaspace       used 10305K, committed 10688K, reserved 1114112K
  class space    used 1353K, committed 1536K, reserved 1048576K
}
Event: 135.522 GC heap after
{Heap after GC invocations=4 (full 0):
 garbage-first heap   total 655360K, used 14349K [0x0000000583800000, 0x0000000800000000)
  region size 8192K, 1 young (8192K), 1 survivors (8192K)
 Metaspace       used 10305K, committed 10688K, reserved 1114112K
  class space    used 1353K, committed 1536K, reserved 1048576K
}

